The system is: Darwin - 20.3.0 - x86_64
Compiling the CXX compiler identification source file "CMakeCXXCompilerId.cpp" succeeded.
Compiler: /usr/local/bin/g++-10 
Build flags: 
Id flags:  

The output was:
0


Compilation of the CXX compiler identification source "CMakeCXXCompilerId.cpp" produced "a.out"

The CXX compiler identification is GNU, found in "/Users/totalboy/Desktop/C++/VK-API/build/CMakeFiles/3.19.0/CompilerIdCXX/a.out"

Detecting CXX compiler ABI info compiled with the following output:
Change Dir: /Users/totalboy/Desktop/C++/VK-API/build/CMakeFiles/CMakeTmp

Run Build Command(s):/usr/bin/make cmTC_2bed9/fast && /Applications/Xcode.app/Contents/Developer/usr/bin/make  -f CMakeFiles/cmTC_2bed9.dir/build.make CMakeFiles/cmTC_2bed9.dir/build
Building CXX object CMakeFiles/cmTC_2bed9.dir/CMakeCXXCompilerABI.cpp.o
/usr/local/bin/g++-10   -isysroot /Applications/Xcode.app/Contents/Developer/Platforms/MacOSX.platform/Developer/SDKs/MacOSX11.0.sdk   -v -Wl,-v -o CMakeFiles/cmTC_2bed9.dir/CMakeCXXCompilerABI.cpp.o -c /usr/local/Cellar/cmake/3.19.0_1/share/cmake/Modules/CMakeCXXCompilerABI.cpp
Using built-in specs.
COLLECT_GCC=/usr/local/bin/g++-10
Target: x86_64-apple-darwin20
Configured with: ../configure --build=x86_64-apple-darwin20 --prefix=/usr/local/Cellar/gcc/10.2.0_3 --libdir=/usr/local/Cellar/gcc/10.2.0_3/lib/gcc/10 --disable-nls --enable-checking=release --enable-languages=c,c++,objc,obj-c++,fortran --program-suffix=-10 --with-gmp=/usr/local/opt/gmp --with-mpfr=/usr/local/opt/mpfr --with-mpc=/usr/local/opt/libmpc --with-isl=/usr/local/opt/isl --with-system-zlib --with-pkgversion='Homebrew GCC 10.2.0_3' --with-bugurl=https://github.com/Homebrew/homebrew-core/issues --disable-multilib --with-native-system-header-dir=/usr/include --with-sysroot=/Library/Developer/CommandLineTools/SDKs/MacOSX.sdk SED=/usr/bin/sed
Thread model: posix
Supported LTO compression algorithms: zlib
gcc version 10.2.0 (Homebrew GCC 10.2.0_3) 
COLLECT_GCC_OPTIONS='-isysroot' '/Applications/Xcode.app/Contents/Developer/Platforms/MacOSX.platform/Developer/SDKs/MacOSX11.0.sdk' '-v' '-o' 'CMakeFiles/cmTC_2bed9.dir/CMakeCXXCompilerABI.cpp.o' '-c' '-mmacosx-version-min=11.2.0' '-asm_macosx_version_min=11.2' '-shared-libgcc' '-mtune=core2'
 /usr/local/Cellar/gcc/10.2.0_3/libexec/gcc/x86_64-apple-darwin20/10.2.0/cc1plus -quiet -v -D__DYNAMIC__ -isysroot /Applications/Xcode.app/Contents/Developer/Platforms/MacOSX.platform/Developer/SDKs/MacOSX11.0.sdk /usr/local/Cellar/cmake/3.19.0_1/share/cmake/Modules/CMakeCXXCompilerABI.cpp -fPIC -quiet -dumpbase CMakeCXXCompilerABI.cpp -mmacosx-version-min=11.2.0 -mtune=core2 -auxbase-strip CMakeFiles/cmTC_2bed9.dir/CMakeCXXCompilerABI.cpp.o -version -o /var/folders/bh/fsd680s15rv33wyq_8c07sw80000gn/T//ccEwGatv.s
GNU C++14 (Homebrew GCC 10.2.0_3) version 10.2.0 (x86_64-apple-darwin20)
	compiled by GNU C version 10.2.0, GMP version 6.2.1, MPFR version 4.1.0, MPC version 1.2.1, isl version isl-0.23-GMP

GGC heuristics: --param ggc-min-expand=100 --param ggc-min-heapsize=131072
ignoring nonexistent directory "/Applications/Xcode.app/Contents/Developer/Platforms/MacOSX.platform/Developer/SDKs/MacOSX11.0.sdk/usr/local/include"
ignoring nonexistent directory "/usr/local/Cellar/gcc/10.2.0_3/lib/gcc/10/gcc/x86_64-apple-darwin20/10.2.0/../../../../../../x86_64-apple-darwin20/include"
ignoring nonexistent directory "/Applications/Xcode.app/Contents/Developer/Platforms/MacOSX.platform/Developer/SDKs/MacOSX11.0.sdk/Library/Frameworks"
#include "..." search starts here:
#include <...> search starts here:
 /usr/local/Cellar/gcc/10.2.0_3/lib/gcc/10/gcc/x86_64-apple-darwin20/10.2.0/../../../../../../include/c++/10.2.0
 /usr/local/Cellar/gcc/10.2.0_3/lib/gcc/10/gcc/x86_64-apple-darwin20/10.2.0/../../../../../../include/c++/10.2.0/x86_64-apple-darwin20
 /usr/local/Cellar/gcc/10.2.0_3/lib/gcc/10/gcc/x86_64-apple-darwin20/10.2.0/../../../../../../include/c++/10.2.0/backward
 /usr/local/Cellar/gcc/10.2.0_3/lib/gcc/10/gcc/x86_64-apple-darwin20/10.2.0/include
 /usr/local/Cellar/gcc/10.2.0_3/lib/gcc/10/gcc/x86_64-apple-darwin20/10.2.0/include-fixed
 /Applications/Xcode.app/Contents/Developer/Platforms/MacOSX.platform/Developer/SDKs/MacOSX11.0.sdk/usr/include
 /Applications/Xcode.app/Contents/Developer/Platforms/MacOSX.platform/Developer/SDKs/MacOSX11.0.sdk/System/Library/Frameworks
End of search list.
GNU C++14 (Homebrew GCC 10.2.0_3) version 10.2.0 (x86_64-apple-darwin20)
	compiled by GNU C version 10.2.0, GMP version 6.2.1, MPFR version 4.1.0, MPC version 1.2.1, isl version isl-0.23-GMP

GGC heuristics: --param ggc-min-expand=100 --param ggc-min-heapsize=131072
Compiler executable checksum: be2a65be963ca718212b0e32a395ef20
COLLECT_GCC_OPTIONS='-isysroot' '/Applications/Xcode.app/Contents/Developer/Platforms/MacOSX.platform/Developer/SDKs/MacOSX11.0.sdk' '-v' '-o' 'CMakeFiles/cmTC_2bed9.dir/CMakeCXXCompilerABI.cpp.o' '-c' '-mmacosx-version-min=11.2.0'  '-shared-libgcc' '-mtune=core2'
 as -arch x86_64 -v -force_cpusubtype_ALL -mmacosx-version-min=11.2 -o CMakeFiles/cmTC_2bed9.dir/CMakeCXXCompilerABI.cpp.o /var/folders/bh/fsd680s15rv33wyq_8c07sw80000gn/T//ccEwGatv.s
Apple clang version 12.0.0 (clang-1200.0.32.27)
Target: x86_64-apple-darwin20.3.0
Thread model: posix
InstalledDir: /Applications/Xcode.app/Contents/Developer/Toolchains/XcodeDefault.xctoolchain/usr/bin
 "/Applications/Xcode.app/Contents/Developer/Toolchains/XcodeDefault.xctoolchain/usr/bin/clang" -cc1as -triple x86_64-apple-macosx11.2.0 -filetype obj -main-file-name ccEwGatv.s -target-cpu penryn -fdebug-compilation-dir /Users/totalboy/Desktop/C++/VK-API/build/CMakeFiles/CMakeTmp -dwarf-debug-producer "Apple clang version 12.0.0 (clang-1200.0.32.27)" -dwarf-version=4 -mrelocation-model pic -o CMakeFiles/cmTC_2bed9.dir/CMakeCXXCompilerABI.cpp.o /var/folders/bh/fsd680s15rv33wyq_8c07sw80000gn/T//ccEwGatv.s
COMPILER_PATH=/usr/local/Cellar/gcc/10.2.0_3/libexec/gcc/x86_64-apple-darwin20/10.2.0/:/usr/local/Cellar/gcc/10.2.0_3/libexec/gcc/x86_64-apple-darwin20/10.2.0/:/usr/local/Cellar/gcc/10.2.0_3/libexec/gcc/x86_64-apple-darwin20/:/usr/local/Cellar/gcc/10.2.0_3/lib/gcc/10/gcc/x86_64-apple-darwin20/10.2.0/:/usr/local/Cellar/gcc/10.2.0_3/lib/gcc/10/gcc/x86_64-apple-darwin20/
LIBRARY_PATH=/usr/local/Cellar/gcc/10.2.0_3/lib/gcc/10/gcc/x86_64-apple-darwin20/10.2.0/:/usr/local/Cellar/gcc/10.2.0_3/lib/gcc/10/gcc/x86_64-apple-darwin20/10.2.0/../../../
COLLECT_GCC_OPTIONS='-isysroot' '/Applications/Xcode.app/Contents/Developer/Platforms/MacOSX.platform/Developer/SDKs/MacOSX11.0.sdk' '-v' '-o' 'CMakeFiles/cmTC_2bed9.dir/CMakeCXXCompilerABI.cpp.o' '-c' '-mmacosx-version-min=11.2.0'  '-shared-libgcc' '-mtune=core2'
Linking CXX executable cmTC_2bed9
/usr/local/Cellar/cmake/3.19.0_1/bin/cmake -E cmake_link_script CMakeFiles/cmTC_2bed9.dir/link.txt --verbose=1
/usr/local/bin/g++-10  -isysroot /Applications/Xcode.app/Contents/Developer/Platforms/MacOSX.platform/Developer/SDKs/MacOSX11.0.sdk -Wl,-search_paths_first -Wl,-headerpad_max_install_names  -v -Wl,-v CMakeFiles/cmTC_2bed9.dir/CMakeCXXCompilerABI.cpp.o -o cmTC_2bed9 
Using built-in specs.
COLLECT_GCC=/usr/local/bin/g++-10
COLLECT_LTO_WRAPPER=/usr/local/Cellar/gcc/10.2.0_3/libexec/gcc/x86_64-apple-darwin20/10.2.0/lto-wrapper
Target: x86_64-apple-darwin20
Configured with: ../configure --build=x86_64-apple-darwin20 --prefix=/usr/local/Cellar/gcc/10.2.0_3 --libdir=/usr/local/Cellar/gcc/10.2.0_3/lib/gcc/10 --disable-nls --enable-checking=release --enable-languages=c,c++,objc,obj-c++,fortran --program-suffix=-10 --with-gmp=/usr/local/opt/gmp --with-mpfr=/usr/local/opt/mpfr --with-mpc=/usr/local/opt/libmpc --with-isl=/usr/local/opt/isl --with-system-zlib --with-pkgversion='Homebrew GCC 10.2.0_3' --with-bugurl=https://github.com/Homebrew/homebrew-core/issues --disable-multilib --with-native-system-header-dir=/usr/include --with-sysroot=/Library/Developer/CommandLineTools/SDKs/MacOSX.sdk SED=/usr/bin/sed
Thread model: posix
Supported LTO compression algorithms: zlib
gcc version 10.2.0 (Homebrew GCC 10.2.0_3) 
COMPILER_PATH=/usr/local/Cellar/gcc/10.2.0_3/libexec/gcc/x86_64-apple-darwin20/10.2.0/:/usr/local/Cellar/gcc/10.2.0_3/libexec/gcc/x86_64-apple-darwin20/10.2.0/:/usr/local/Cellar/gcc/10.2.0_3/libexec/gcc/x86_64-apple-darwin20/:/usr/local/Cellar/gcc/10.2.0_3/lib/gcc/10/gcc/x86_64-apple-darwin20/10.2.0/:/usr/local/Cellar/gcc/10.2.0_3/lib/gcc/10/gcc/x86_64-apple-darwin20/
LIBRARY_PATH=/usr/local/Cellar/gcc/10.2.0_3/lib/gcc/10/gcc/x86_64-apple-darwin20/10.2.0/:/usr/local/Cellar/gcc/10.2.0_3/lib/gcc/10/gcc/x86_64-apple-darwin20/10.2.0/../../../
COLLECT_GCC_OPTIONS='-isysroot' '/Applications/Xcode.app/Contents/Developer/Platforms/MacOSX.platform/Developer/SDKs/MacOSX11.0.sdk' '-v' '-o' 'cmTC_2bed9' '-mmacosx-version-min=11.2.0' '-asm_macosx_version_min=11.2' '-shared-libgcc' '-mtune=core2'
 /usr/local/Cellar/gcc/10.2.0_3/libexec/gcc/x86_64-apple-darwin20/10.2.0/collect2 -dynamic -arch x86_64 -macosx_version_min 11.2.0 -syslibroot /Applications/Xcode.app/Contents/Developer/Platforms/MacOSX.platform/Developer/SDKs/MacOSX11.0.sdk -weak_reference_mismatches non-weak -o cmTC_2bed9 -L/usr/local/Cellar/gcc/10.2.0_3/lib/gcc/10/gcc/x86_64-apple-darwin20/10.2.0 -L/usr/local/Cellar/gcc/10.2.0_3/lib/gcc/10/gcc/x86_64-apple-darwin20/10.2.0/../../.. -search_paths_first -headerpad_max_install_names -v CMakeFiles/cmTC_2bed9.dir/CMakeCXXCompilerABI.cpp.o -lstdc++ -lSystem -lgcc_ext.10.5 -lgcc -lSystem -no_compact_unwind -v
collect2 version 10.2.0
/usr/bin/ld -dynamic -arch x86_64 -macosx_version_min 11.2.0 -syslibroot /Applications/Xcode.app/Contents/Developer/Platforms/MacOSX.platform/Developer/SDKs/MacOSX11.0.sdk -weak_reference_mismatches non-weak -o cmTC_2bed9 -L/usr/local/Cellar/gcc/10.2.0_3/lib/gcc/10/gcc/x86_64-apple-darwin20/10.2.0 -L/usr/local/Cellar/gcc/10.2.0_3/lib/gcc/10/gcc/x86_64-apple-darwin20/10.2.0/../../.. -search_paths_first -headerpad_max_install_names -v CMakeFiles/cmTC_2bed9.dir/CMakeCXXCompilerABI.cpp.o -lstdc++ -lSystem -lgcc_ext.10.5 -lgcc -lSystem -no_compact_unwind -v
@(#)PROGRAM:ld  PROJECT:ld64-609.7
BUILD 18:10:07 Oct 19 2020
configured to support archs: armv6 armv7 armv7s arm64 arm64e arm64_32 i386 x86_64 x86_64h armv6m armv7k armv7m armv7em
@(#)PROGRAM:ld  PROJECT:ld64-609.7
BUILD 18:10:07 Oct 19 2020
configured to support archs: armv6 armv7 armv7s arm64 arm64e arm64_32 i386 x86_64 x86_64h armv6m armv7k armv7m armv7em
Library search paths:
	/usr/local/Cellar/gcc/10.2.0_3/lib/gcc/10/gcc/x86_64-apple-darwin20/10.2.0
	/usr/local/Cellar/gcc/10.2.0_3/lib/gcc/10
	/Applications/Xcode.app/Contents/Developer/Platforms/MacOSX.platform/Developer/SDKs/MacOSX11.0.sdk/usr/lib
Framework search paths:
	/Applications/Xcode.app/Contents/Developer/Platforms/MacOSX.platform/Developer/SDKs/MacOSX11.0.sdk/System/Library/Frameworks/



Parsed CXX implicit include dir info from above output: rv=done
  found start of include info
  found start of implicit include info
    add: [/usr/local/Cellar/gcc/10.2.0_3/lib/gcc/10/gcc/x86_64-apple-darwin20/10.2.0/../../../../../../include/c++/10.2.0]
    add: [/usr/local/Cellar/gcc/10.2.0_3/lib/gcc/10/gcc/x86_64-apple-darwin20/10.2.0/../../../../../../include/c++/10.2.0/x86_64-apple-darwin20]
    add: [/usr/local/Cellar/gcc/10.2.0_3/lib/gcc/10/gcc/x86_64-apple-darwin20/10.2.0/../../../../../../include/c++/10.2.0/backward]
    add: [/usr/local/Cellar/gcc/10.2.0_3/lib/gcc/10/gcc/x86_64-apple-darwin20/10.2.0/include]
    add: [/usr/local/Cellar/gcc/10.2.0_3/lib/gcc/10/gcc/x86_64-apple-darwin20/10.2.0/include-fixed]
    add: [/Applications/Xcode.app/Contents/Developer/Platforms/MacOSX.platform/Developer/SDKs/MacOSX11.0.sdk/usr/include]
    add: [/Applications/Xcode.app/Contents/Developer/Platforms/MacOSX.platform/Developer/SDKs/MacOSX11.0.sdk/System/Library/Frameworks]
  end of search list found
  collapse include dir [/usr/local/Cellar/gcc/10.2.0_3/lib/gcc/10/gcc/x86_64-apple-darwin20/10.2.0/../../../../../../include/c++/10.2.0] ==> [/usr/local/Cellar/gcc/10.2.0_3/include/c++/10.2.0]
  collapse include dir [/usr/local/Cellar/gcc/10.2.0_3/lib/gcc/10/gcc/x86_64-apple-darwin20/10.2.0/../../../../../../include/c++/10.2.0/x86_64-apple-darwin20] ==> [/usr/local/Cellar/gcc/10.2.0_3/include/c++/10.2.0/x86_64-apple-darwin20]
  collapse include dir [/usr/local/Cellar/gcc/10.2.0_3/lib/gcc/10/gcc/x86_64-apple-darwin20/10.2.0/../../../../../../include/c++/10.2.0/backward] ==> [/usr/local/Cellar/gcc/10.2.0_3/include/c++/10.2.0/backward]
  collapse include dir [/usr/local/Cellar/gcc/10.2.0_3/lib/gcc/10/gcc/x86_64-apple-darwin20/10.2.0/include] ==> [/usr/local/Cellar/gcc/10.2.0_3/lib/gcc/10/gcc/x86_64-apple-darwin20/10.2.0/include]
  collapse include dir [/usr/local/Cellar/gcc/10.2.0_3/lib/gcc/10/gcc/x86_64-apple-darwin20/10.2.0/include-fixed] ==> [/usr/local/Cellar/gcc/10.2.0_3/lib/gcc/10/gcc/x86_64-apple-darwin20/10.2.0/include-fixed]
  collapse include dir [/Applications/Xcode.app/Contents/Developer/Platforms/MacOSX.platform/Developer/SDKs/MacOSX11.0.sdk/usr/include] ==> [/Applications/Xcode.app/Contents/Developer/Platforms/MacOSX.platform/Developer/SDKs/MacOSX11.0.sdk/usr/include]
  collapse include dir [/Applications/Xcode.app/Contents/Developer/Platforms/MacOSX.platform/Developer/SDKs/MacOSX11.0.sdk/System/Library/Frameworks] ==> [/Applications/Xcode.app/Contents/Developer/Platforms/MacOSX.platform/Developer/SDKs/MacOSX11.0.sdk/System/Library/Frameworks]
  implicit include dirs: [/usr/local/Cellar/gcc/10.2.0_3/include/c++/10.2.0;/usr/local/Cellar/gcc/10.2.0_3/include/c++/10.2.0/x86_64-apple-darwin20;/usr/local/Cellar/gcc/10.2.0_3/include/c++/10.2.0/backward;/usr/local/Cellar/gcc/10.2.0_3/lib/gcc/10/gcc/x86_64-apple-darwin20/10.2.0/include;/usr/local/Cellar/gcc/10.2.0_3/lib/gcc/10/gcc/x86_64-apple-darwin20/10.2.0/include-fixed;/Applications/Xcode.app/Contents/Developer/Platforms/MacOSX.platform/Developer/SDKs/MacOSX11.0.sdk/usr/include;/Applications/Xcode.app/Contents/Developer/Platforms/MacOSX.platform/Developer/SDKs/MacOSX11.0.sdk/System/Library/Frameworks]


Parsed CXX implicit link information from above output:
  link line regex: [^( *|.*[/\])(ld|CMAKE_LINK_STARTFILE-NOTFOUND|([^/\]+-)?ld|collect2)[^/\]*( |$)]
  ignore line: [Change Dir: /Users/totalboy/Desktop/C++/VK-API/build/CMakeFiles/CMakeTmp]
  ignore line: []
  ignore line: [Run Build Command(s):/usr/bin/make cmTC_2bed9/fast && /Applications/Xcode.app/Contents/Developer/usr/bin/make  -f CMakeFiles/cmTC_2bed9.dir/build.make CMakeFiles/cmTC_2bed9.dir/build]
  ignore line: [Building CXX object CMakeFiles/cmTC_2bed9.dir/CMakeCXXCompilerABI.cpp.o]
  ignore line: [/usr/local/bin/g++-10   -isysroot /Applications/Xcode.app/Contents/Developer/Platforms/MacOSX.platform/Developer/SDKs/MacOSX11.0.sdk   -v -Wl -v -o CMakeFiles/cmTC_2bed9.dir/CMakeCXXCompilerABI.cpp.o -c /usr/local/Cellar/cmake/3.19.0_1/share/cmake/Modules/CMakeCXXCompilerABI.cpp]
  ignore line: [Using built-in specs.]
  ignore line: [COLLECT_GCC=/usr/local/bin/g++-10]
  ignore line: [Target: x86_64-apple-darwin20]
  ignore line: [Configured with: ../configure --build=x86_64-apple-darwin20 --prefix=/usr/local/Cellar/gcc/10.2.0_3 --libdir=/usr/local/Cellar/gcc/10.2.0_3/lib/gcc/10 --disable-nls --enable-checking=release --enable-languages=c c++ objc obj-c++ fortran --program-suffix=-10 --with-gmp=/usr/local/opt/gmp --with-mpfr=/usr/local/opt/mpfr --with-mpc=/usr/local/opt/libmpc --with-isl=/usr/local/opt/isl --with-system-zlib --with-pkgversion='Homebrew GCC 10.2.0_3' --with-bugurl=https://github.com/Homebrew/homebrew-core/issues --disable-multilib --with-native-system-header-dir=/usr/include --with-sysroot=/Library/Developer/CommandLineTools/SDKs/MacOSX.sdk SED=/usr/bin/sed]
  ignore line: [Thread model: posix]
  ignore line: [Supported LTO compression algorithms: zlib]
  ignore line: [gcc version 10.2.0 (Homebrew GCC 10.2.0_3) ]
  ignore line: [COLLECT_GCC_OPTIONS='-isysroot' '/Applications/Xcode.app/Contents/Developer/Platforms/MacOSX.platform/Developer/SDKs/MacOSX11.0.sdk' '-v' '-o' 'CMakeFiles/cmTC_2bed9.dir/CMakeCXXCompilerABI.cpp.o' '-c' '-mmacosx-version-min=11.2.0' '-asm_macosx_version_min=11.2' '-shared-libgcc' '-mtune=core2']
  ignore line: [ /usr/local/Cellar/gcc/10.2.0_3/libexec/gcc/x86_64-apple-darwin20/10.2.0/cc1plus -quiet -v -D__DYNAMIC__ -isysroot /Applications/Xcode.app/Contents/Developer/Platforms/MacOSX.platform/Developer/SDKs/MacOSX11.0.sdk /usr/local/Cellar/cmake/3.19.0_1/share/cmake/Modules/CMakeCXXCompilerABI.cpp -fPIC -quiet -dumpbase CMakeCXXCompilerABI.cpp -mmacosx-version-min=11.2.0 -mtune=core2 -auxbase-strip CMakeFiles/cmTC_2bed9.dir/CMakeCXXCompilerABI.cpp.o -version -o /var/folders/bh/fsd680s15rv33wyq_8c07sw80000gn/T//ccEwGatv.s]
  ignore line: [GNU C++14 (Homebrew GCC 10.2.0_3) version 10.2.0 (x86_64-apple-darwin20)]
  ignore line: [	compiled by GNU C version 10.2.0  GMP version 6.2.1  MPFR version 4.1.0  MPC version 1.2.1  isl version isl-0.23-GMP]
  ignore line: []
  ignore line: [GGC heuristics: --param ggc-min-expand=100 --param ggc-min-heapsize=131072]
  ignore line: [ignoring nonexistent directory "/Applications/Xcode.app/Contents/Developer/Platforms/MacOSX.platform/Developer/SDKs/MacOSX11.0.sdk/usr/local/include"]
  ignore line: [ignoring nonexistent directory "/usr/local/Cellar/gcc/10.2.0_3/lib/gcc/10/gcc/x86_64-apple-darwin20/10.2.0/../../../../../../x86_64-apple-darwin20/include"]
  ignore line: [ignoring nonexistent directory "/Applications/Xcode.app/Contents/Developer/Platforms/MacOSX.platform/Developer/SDKs/MacOSX11.0.sdk/Library/Frameworks"]
  ignore line: [#include "..." search starts here:]
  ignore line: [#include <...> search starts here:]
  ignore line: [ /usr/local/Cellar/gcc/10.2.0_3/lib/gcc/10/gcc/x86_64-apple-darwin20/10.2.0/../../../../../../include/c++/10.2.0]
  ignore line: [ /usr/local/Cellar/gcc/10.2.0_3/lib/gcc/10/gcc/x86_64-apple-darwin20/10.2.0/../../../../../../include/c++/10.2.0/x86_64-apple-darwin20]
  ignore line: [ /usr/local/Cellar/gcc/10.2.0_3/lib/gcc/10/gcc/x86_64-apple-darwin20/10.2.0/../../../../../../include/c++/10.2.0/backward]
  ignore line: [ /usr/local/Cellar/gcc/10.2.0_3/lib/gcc/10/gcc/x86_64-apple-darwin20/10.2.0/include]
  ignore line: [ /usr/local/Cellar/gcc/10.2.0_3/lib/gcc/10/gcc/x86_64-apple-darwin20/10.2.0/include-fixed]
  ignore line: [ /Applications/Xcode.app/Contents/Developer/Platforms/MacOSX.platform/Developer/SDKs/MacOSX11.0.sdk/usr/include]
  ignore line: [ /Applications/Xcode.app/Contents/Developer/Platforms/MacOSX.platform/Developer/SDKs/MacOSX11.0.sdk/System/Library/Frameworks]
  ignore line: [End of search list.]
  ignore line: [GNU C++14 (Homebrew GCC 10.2.0_3) version 10.2.0 (x86_64-apple-darwin20)]
  ignore line: [	compiled by GNU C version 10.2.0  GMP version 6.2.1  MPFR version 4.1.0  MPC version 1.2.1  isl version isl-0.23-GMP]
  ignore line: []
  ignore line: [GGC heuristics: --param ggc-min-expand=100 --param ggc-min-heapsize=131072]
  ignore line: [Compiler executable checksum: be2a65be963ca718212b0e32a395ef20]
  ignore line: [COLLECT_GCC_OPTIONS='-isysroot' '/Applications/Xcode.app/Contents/Developer/Platforms/MacOSX.platform/Developer/SDKs/MacOSX11.0.sdk' '-v' '-o' 'CMakeFiles/cmTC_2bed9.dir/CMakeCXXCompilerABI.cpp.o' '-c' '-mmacosx-version-min=11.2.0'  '-shared-libgcc' '-mtune=core2']
  ignore line: [ as -arch x86_64 -v -force_cpusubtype_ALL -mmacosx-version-min=11.2 -o CMakeFiles/cmTC_2bed9.dir/CMakeCXXCompilerABI.cpp.o /var/folders/bh/fsd680s15rv33wyq_8c07sw80000gn/T//ccEwGatv.s]
  ignore line: [Apple clang version 12.0.0 (clang-1200.0.32.27)]
  ignore line: [Target: x86_64-apple-darwin20.3.0]
  ignore line: [Thread model: posix]
  ignore line: [InstalledDir: /Applications/Xcode.app/Contents/Developer/Toolchains/XcodeDefault.xctoolchain/usr/bin]
  ignore line: [ "/Applications/Xcode.app/Contents/Developer/Toolchains/XcodeDefault.xctoolchain/usr/bin/clang" -cc1as -triple x86_64-apple-macosx11.2.0 -filetype obj -main-file-name ccEwGatv.s -target-cpu penryn -fdebug-compilation-dir /Users/totalboy/Desktop/C++/VK-API/build/CMakeFiles/CMakeTmp -dwarf-debug-producer "Apple clang version 12.0.0 (clang-1200.0.32.27)" -dwarf-version=4 -mrelocation-model pic -o CMakeFiles/cmTC_2bed9.dir/CMakeCXXCompilerABI.cpp.o /var/folders/bh/fsd680s15rv33wyq_8c07sw80000gn/T//ccEwGatv.s]
  ignore line: [COMPILER_PATH=/usr/local/Cellar/gcc/10.2.0_3/libexec/gcc/x86_64-apple-darwin20/10.2.0/:/usr/local/Cellar/gcc/10.2.0_3/libexec/gcc/x86_64-apple-darwin20/10.2.0/:/usr/local/Cellar/gcc/10.2.0_3/libexec/gcc/x86_64-apple-darwin20/:/usr/local/Cellar/gcc/10.2.0_3/lib/gcc/10/gcc/x86_64-apple-darwin20/10.2.0/:/usr/local/Cellar/gcc/10.2.0_3/lib/gcc/10/gcc/x86_64-apple-darwin20/]
  ignore line: [LIBRARY_PATH=/usr/local/Cellar/gcc/10.2.0_3/lib/gcc/10/gcc/x86_64-apple-darwin20/10.2.0/:/usr/local/Cellar/gcc/10.2.0_3/lib/gcc/10/gcc/x86_64-apple-darwin20/10.2.0/../../../]
  ignore line: [COLLECT_GCC_OPTIONS='-isysroot' '/Applications/Xcode.app/Contents/Developer/Platforms/MacOSX.platform/Developer/SDKs/MacOSX11.0.sdk' '-v' '-o' 'CMakeFiles/cmTC_2bed9.dir/CMakeCXXCompilerABI.cpp.o' '-c' '-mmacosx-version-min=11.2.0'  '-shared-libgcc' '-mtune=core2']
  ignore line: [Linking CXX executable cmTC_2bed9]
  ignore line: [/usr/local/Cellar/cmake/3.19.0_1/bin/cmake -E cmake_link_script CMakeFiles/cmTC_2bed9.dir/link.txt --verbose=1]
  ignore line: [/usr/local/bin/g++-10  -isysroot /Applications/Xcode.app/Contents/Developer/Platforms/MacOSX.platform/Developer/SDKs/MacOSX11.0.sdk -Wl -search_paths_first -Wl -headerpad_max_install_names  -v -Wl -v CMakeFiles/cmTC_2bed9.dir/CMakeCXXCompilerABI.cpp.o -o cmTC_2bed9 ]
  ignore line: [Using built-in specs.]
  ignore line: [COLLECT_GCC=/usr/local/bin/g++-10]
  ignore line: [COLLECT_LTO_WRAPPER=/usr/local/Cellar/gcc/10.2.0_3/libexec/gcc/x86_64-apple-darwin20/10.2.0/lto-wrapper]
  ignore line: [Target: x86_64-apple-darwin20]
  ignore line: [Configured with: ../configure --build=x86_64-apple-darwin20 --prefix=/usr/local/Cellar/gcc/10.2.0_3 --libdir=/usr/local/Cellar/gcc/10.2.0_3/lib/gcc/10 --disable-nls --enable-checking=release --enable-languages=c c++ objc obj-c++ fortran --program-suffix=-10 --with-gmp=/usr/local/opt/gmp --with-mpfr=/usr/local/opt/mpfr --with-mpc=/usr/local/opt/libmpc --with-isl=/usr/local/opt/isl --with-system-zlib --with-pkgversion='Homebrew GCC 10.2.0_3' --with-bugurl=https://github.com/Homebrew/homebrew-core/issues --disable-multilib --with-native-system-header-dir=/usr/include --with-sysroot=/Library/Developer/CommandLineTools/SDKs/MacOSX.sdk SED=/usr/bin/sed]
  ignore line: [Thread model: posix]
  ignore line: [Supported LTO compression algorithms: zlib]
  ignore line: [gcc version 10.2.0 (Homebrew GCC 10.2.0_3) ]
  ignore line: [COMPILER_PATH=/usr/local/Cellar/gcc/10.2.0_3/libexec/gcc/x86_64-apple-darwin20/10.2.0/:/usr/local/Cellar/gcc/10.2.0_3/libexec/gcc/x86_64-apple-darwin20/10.2.0/:/usr/local/Cellar/gcc/10.2.0_3/libexec/gcc/x86_64-apple-darwin20/:/usr/local/Cellar/gcc/10.2.0_3/lib/gcc/10/gcc/x86_64-apple-darwin20/10.2.0/:/usr/local/Cellar/gcc/10.2.0_3/lib/gcc/10/gcc/x86_64-apple-darwin20/]
  ignore line: [LIBRARY_PATH=/usr/local/Cellar/gcc/10.2.0_3/lib/gcc/10/gcc/x86_64-apple-darwin20/10.2.0/:/usr/local/Cellar/gcc/10.2.0_3/lib/gcc/10/gcc/x86_64-apple-darwin20/10.2.0/../../../]
  ignore line: [COLLECT_GCC_OPTIONS='-isysroot' '/Applications/Xcode.app/Contents/Developer/Platforms/MacOSX.platform/Developer/SDKs/MacOSX11.0.sdk' '-v' '-o' 'cmTC_2bed9' '-mmacosx-version-min=11.2.0' '-asm_macosx_version_min=11.2' '-shared-libgcc' '-mtune=core2']
  link line: [ /usr/local/Cellar/gcc/10.2.0_3/libexec/gcc/x86_64-apple-darwin20/10.2.0/collect2 -dynamic -arch x86_64 -macosx_version_min 11.2.0 -syslibroot /Applications/Xcode.app/Contents/Developer/Platforms/MacOSX.platform/Developer/SDKs/MacOSX11.0.sdk -weak_reference_mismatches non-weak -o cmTC_2bed9 -L/usr/local/Cellar/gcc/10.2.0_3/lib/gcc/10/gcc/x86_64-apple-darwin20/10.2.0 -L/usr/local/Cellar/gcc/10.2.0_3/lib/gcc/10/gcc/x86_64-apple-darwin20/10.2.0/../../.. -search_paths_first -headerpad_max_install_names -v CMakeFiles/cmTC_2bed9.dir/CMakeCXXCompilerABI.cpp.o -lstdc++ -lSystem -lgcc_ext.10.5 -lgcc -lSystem -no_compact_unwind -v]
    arg [/usr/local/Cellar/gcc/10.2.0_3/libexec/gcc/x86_64-apple-darwin20/10.2.0/collect2] ==> ignore
    arg [-dynamic] ==> ignore
    arg [-arch] ==> ignore
    arg [x86_64] ==> ignore
    arg [-macosx_version_min] ==> ignore
    arg [11.2.0] ==> ignore
    arg [-syslibroot] ==> ignore
    arg [/Applications/Xcode.app/Contents/Developer/Platforms/MacOSX.platform/Developer/SDKs/MacOSX11.0.sdk] ==> ignore
    arg [-weak_reference_mismatches] ==> ignore
    arg [non-weak] ==> ignore
    arg [-o] ==> ignore
    arg [cmTC_2bed9] ==> ignore
    arg [-L/usr/local/Cellar/gcc/10.2.0_3/lib/gcc/10/gcc/x86_64-apple-darwin20/10.2.0] ==> dir [/usr/local/Cellar/gcc/10.2.0_3/lib/gcc/10/gcc/x86_64-apple-darwin20/10.2.0]
    arg [-L/usr/local/Cellar/gcc/10.2.0_3/lib/gcc/10/gcc/x86_64-apple-darwin20/10.2.0/../../..] ==> dir [/usr/local/Cellar/gcc/10.2.0_3/lib/gcc/10/gcc/x86_64-apple-darwin20/10.2.0/../../..]
    arg [-search_paths_first] ==> ignore
    arg [-headerpad_max_install_names] ==> ignore
    arg [-v] ==> ignore
    arg [CMakeFiles/cmTC_2bed9.dir/CMakeCXXCompilerABI.cpp.o] ==> ignore
    arg [-lstdc++] ==> lib [stdc++]
    arg [-lSystem] ==> lib [System]
    arg [-lgcc_ext.10.5] ==> lib [gcc_ext.10.5]
    arg [-lgcc] ==> lib [gcc]
    arg [-lSystem] ==> lib [System]
    arg [-no_compact_unwind] ==> ignore
    arg [-v] ==> ignore
  Library search paths: [;/usr/local/Cellar/gcc/10.2.0_3/lib/gcc/10/gcc/x86_64-apple-darwin20/10.2.0;/usr/local/Cellar/gcc/10.2.0_3/lib/gcc/10;/Applications/Xcode.app/Contents/Developer/Platforms/MacOSX.platform/Developer/SDKs/MacOSX11.0.sdk/usr/lib]
  Framework search paths: [;/Applications/Xcode.app/Contents/Developer/Platforms/MacOSX.platform/Developer/SDKs/MacOSX11.0.sdk/System/Library/Frameworks/]
  remove lib [System]
  remove lib [System]
  collapse library dir [/usr/local/Cellar/gcc/10.2.0_3/lib/gcc/10/gcc/x86_64-apple-darwin20/10.2.0] ==> [/usr/local/Cellar/gcc/10.2.0_3/lib/gcc/10/gcc/x86_64-apple-darwin20/10.2.0]
  collapse library dir [/usr/local/Cellar/gcc/10.2.0_3/lib/gcc/10/gcc/x86_64-apple-darwin20/10.2.0/../../..] ==> [/usr/local/Cellar/gcc/10.2.0_3/lib/gcc/10]
  collapse library dir [/usr/local/Cellar/gcc/10.2.0_3/lib/gcc/10/gcc/x86_64-apple-darwin20/10.2.0] ==> [/usr/local/Cellar/gcc/10.2.0_3/lib/gcc/10/gcc/x86_64-apple-darwin20/10.2.0]
  collapse library dir [/usr/local/Cellar/gcc/10.2.0_3/lib/gcc/10] ==> [/usr/local/Cellar/gcc/10.2.0_3/lib/gcc/10]
  collapse library dir [/Applications/Xcode.app/Contents/Developer/Platforms/MacOSX.platform/Developer/SDKs/MacOSX11.0.sdk/usr/lib] ==> [/Applications/Xcode.app/Contents/Developer/Platforms/MacOSX.platform/Developer/SDKs/MacOSX11.0.sdk/usr/lib]
  collapse framework dir [/Applications/Xcode.app/Contents/Developer/Platforms/MacOSX.platform/Developer/SDKs/MacOSX11.0.sdk/System/Library/Frameworks/] ==> [/Applications/Xcode.app/Contents/Developer/Platforms/MacOSX.platform/Developer/SDKs/MacOSX11.0.sdk/System/Library/Frameworks]
  implicit libs: [stdc++;gcc_ext.10.5;gcc]
  implicit dirs: [/usr/local/Cellar/gcc/10.2.0_3/lib/gcc/10/gcc/x86_64-apple-darwin20/10.2.0;/usr/local/Cellar/gcc/10.2.0_3/lib/gcc/10;/Applications/Xcode.app/Contents/Developer/Platforms/MacOSX.platform/Developer/SDKs/MacOSX11.0.sdk/usr/lib]
  implicit fwks: [/Applications/Xcode.app/Contents/Developer/Platforms/MacOSX.platform/Developer/SDKs/MacOSX11.0.sdk/System/Library/Frameworks]


